08/19/2011 10:16:56: Hey - I called the Home page!
08/19/2011 10:22:38: Hey - I called the Home page!
08/19/2011 10:34:11: Hey - I called the Home page!
08/19/2011 10:35:54: 
Error in Path :/shopify/receiver
Raw Url :/shopify/receiver
Message :Sequence contains no elements
Source :System.Core
Stack Trace :   at System.Linq.Enumerable.First[TSource](IEnumerable`1 source)
   at Highrise.Api.ToSingleDynamic(String xml) in C:\@projects\Highrise\Api.cs:line 100
   at Highrise.Api.GetPerson(String email) in C:\@projects\Highrise\Api.cs:line 49
   at Highrise.Api.AddPerson(String first, String last, String email, String[] tags) in C:\@projects\Highrise\Api.cs:line 27
   at System.Dynamic.UpdateDelegates.UpdateAndExecute5[T0,T1,T2,T3,T4,TRet](CallSite site, T0 arg0, T1 arg1, T2 arg2, T3 arg3, T4 arg4)
   at VidPub.Web.Controllers.ShopifyController.Receiver() in C:\@Tekpub\VidPub\Source\VidPub.Web\Controllers\ShopifyController.cs:line 80
TargetSite :TSource First[TSource](System.Collections.Generic.IEnumerable`1[TSource])
08/19/2011 10:37:37: 
Error in Path :/shopify/receiver
Raw Url :/shopify/receiver
Message :Sequence contains no elements
Source :System.Core
Stack Trace :   at System.Linq.Enumerable.First[TSource](IEnumerable`1 source)
   at Highrise.Api.ToSingleDynamic(String xml) in C:\@projects\Highrise\Api.cs:line 100
   at Highrise.Api.GetPerson(String email) in C:\@projects\Highrise\Api.cs:line 49
   at Highrise.Api.AddPerson(String first, String last, String email, String[] tags) in C:\@projects\Highrise\Api.cs:line 27
   at VidPub.Web.Controllers.ShopifyController.Receiver() in C:\@Tekpub\VidPub\Source\VidPub.Web\Controllers\ShopifyController.cs:line 80
TargetSite :TSource First[TSource](System.Collections.Generic.IEnumerable`1[TSource])
09/06/2011 13:12:24: Hey - I called the Home page!
09/06/2011 14:09:56: Hey - I called the Home page!
09/06/2011 14:11:34: Hey - I called the Home page!
09/06/2011 14:20:03: Hey - I called the Home page!
09/12/2011 14:36:54: Hey - I called the Home page!
09/12/2011 14:55:57: Hey - I called the Home page!
09/12/2011 14:56:27: Hey - I called the Home page!
09/12/2011 15:04:01: Hey - I called the Home page!
09/12/2011 15:20:44: Hey - I called the Home page!
12/22/2011 16:43:31: 
Error in Path :/shopify/receiver
Raw Url :/shopify/receiver
Message :Invalid column name 'ProductID'.
Source :.Net SqlClient Data Provider
Stack Trace :   at System.Data.SqlClient.SqlConnection.OnError(SqlException exception, Boolean breakConnection)
   at System.Data.SqlClient.SqlInternalConnection.OnError(SqlException exception, Boolean breakConnection)
   at System.Data.SqlClient.TdsParser.ThrowExceptionAndWarning()
   at System.Data.SqlClient.TdsParser.Run(RunBehavior runBehavior, SqlCommand cmdHandler, SqlDataReader dataStream, BulkCopySimpleResultSet bulkCopyHandler, TdsParserStateObject stateObj)
   at System.Data.SqlClient.SqlCommand.FinishExecuteReader(SqlDataReader ds, RunBehavior runBehavior, String resetOptionsString)
   at System.Data.SqlClient.SqlCommand.RunExecuteReaderTds(CommandBehavior cmdBehavior, RunBehavior runBehavior, Boolean returnStream, Boolean async)
   at System.Data.SqlClient.SqlCommand.RunExecuteReader(CommandBehavior cmdBehavior, RunBehavior runBehavior, Boolean returnStream, String method, DbAsyncResult result)
   at System.Data.SqlClient.SqlCommand.InternalExecuteNonQuery(DbAsyncResult result, String methodName, Boolean sendToPipe)
   at System.Data.SqlClient.SqlCommand.ExecuteNonQuery()
   at Massive.DynamicModel.Insert(Object o) in C:\Root\Dev\Projects\VidPub\Source\VidPub.Web\Infrastructure\Massive.cs:line 465
   at VidPub.Web.Controllers.ShopifyController.Receiver() in C:\Root\Dev\Projects\VidPub\Source\VidPub.Web\Controllers\ShopifyController.cs:line 75
TargetSite :Void OnError(System.Data.SqlClient.SqlException, Boolean)
12/22/2011 16:43:45: 
Error in Path :/shopify/receiver
Raw Url :/shopify/receiver
Message :Invalid column name 'ProductID'.
Source :.Net SqlClient Data Provider
Stack Trace :   at System.Data.SqlClient.SqlConnection.OnError(SqlException exception, Boolean breakConnection)
   at System.Data.SqlClient.SqlInternalConnection.OnError(SqlException exception, Boolean breakConnection)
   at System.Data.SqlClient.TdsParser.ThrowExceptionAndWarning()
   at System.Data.SqlClient.TdsParser.Run(RunBehavior runBehavior, SqlCommand cmdHandler, SqlDataReader dataStream, BulkCopySimpleResultSet bulkCopyHandler, TdsParserStateObject stateObj)
   at System.Data.SqlClient.SqlCommand.FinishExecuteReader(SqlDataReader ds, RunBehavior runBehavior, String resetOptionsString)
   at System.Data.SqlClient.SqlCommand.RunExecuteReaderTds(CommandBehavior cmdBehavior, RunBehavior runBehavior, Boolean returnStream, Boolean async)
   at System.Data.SqlClient.SqlCommand.RunExecuteReader(CommandBehavior cmdBehavior, RunBehavior runBehavior, Boolean returnStream, String method, DbAsyncResult result)
   at System.Data.SqlClient.SqlCommand.InternalExecuteNonQuery(DbAsyncResult result, String methodName, Boolean sendToPipe)
   at System.Data.SqlClient.SqlCommand.ExecuteNonQuery()
   at Massive.DynamicModel.Insert(Object o) in C:\Root\Dev\Projects\VidPub\Source\VidPub.Web\Infrastructure\Massive.cs:line 465
   at VidPub.Web.Controllers.ShopifyController.Receiver() in C:\Root\Dev\Projects\VidPub\Source\VidPub.Web\Controllers\ShopifyController.cs:line 75
TargetSite :Void OnError(System.Data.SqlClient.SqlException, Boolean)
12/22/2011 16:44:06: 
Error in Path :/shopify/receiver
Raw Url :/shopify/receiver
Message :Invalid column name 'ProductID'.
Source :.Net SqlClient Data Provider
Stack Trace :   at System.Data.SqlClient.SqlConnection.OnError(SqlException exception, Boolean breakConnection)
   at System.Data.SqlClient.SqlInternalConnection.OnError(SqlException exception, Boolean breakConnection)
   at System.Data.SqlClient.TdsParser.ThrowExceptionAndWarning()
   at System.Data.SqlClient.TdsParser.Run(RunBehavior runBehavior, SqlCommand cmdHandler, SqlDataReader dataStream, BulkCopySimpleResultSet bulkCopyHandler, TdsParserStateObject stateObj)
   at System.Data.SqlClient.SqlCommand.FinishExecuteReader(SqlDataReader ds, RunBehavior runBehavior, String resetOptionsString)
   at System.Data.SqlClient.SqlCommand.RunExecuteReaderTds(CommandBehavior cmdBehavior, RunBehavior runBehavior, Boolean returnStream, Boolean async)
   at System.Data.SqlClient.SqlCommand.RunExecuteReader(CommandBehavior cmdBehavior, RunBehavior runBehavior, Boolean returnStream, String method, DbAsyncResult result)
   at System.Data.SqlClient.SqlCommand.InternalExecuteNonQuery(DbAsyncResult result, String methodName, Boolean sendToPipe)
   at System.Data.SqlClient.SqlCommand.ExecuteNonQuery()
   at Massive.DynamicModel.Insert(Object o) in C:\Root\Dev\Projects\VidPub\Source\VidPub.Web\Infrastructure\Massive.cs:line 465
   at VidPub.Web.Controllers.ShopifyController.Receiver() in C:\Root\Dev\Projects\VidPub\Source\VidPub.Web\Controllers\ShopifyController.cs:line 75
TargetSite :Void OnError(System.Data.SqlClient.SqlException, Boolean)
12/22/2011 16:44:06: 
Error in Path :/shopify/receiver
Raw Url :/shopify/receiver
Message :Invalid column name 'ProductID'.
Source :.Net SqlClient Data Provider
Stack Trace :   at System.Data.SqlClient.SqlConnection.OnError(SqlException exception, Boolean breakConnection)
   at System.Data.SqlClient.SqlInternalConnection.OnError(SqlException exception, Boolean breakConnection)
   at System.Data.SqlClient.TdsParser.ThrowExceptionAndWarning()
   at System.Data.SqlClient.TdsParser.Run(RunBehavior runBehavior, SqlCommand cmdHandler, SqlDataReader dataStream, BulkCopySimpleResultSet bulkCopyHandler, TdsParserStateObject stateObj)
   at System.Data.SqlClient.SqlCommand.FinishExecuteReader(SqlDataReader ds, RunBehavior runBehavior, String resetOptionsString)
   at System.Data.SqlClient.SqlCommand.RunExecuteReaderTds(CommandBehavior cmdBehavior, RunBehavior runBehavior, Boolean returnStream, Boolean async)
   at System.Data.SqlClient.SqlCommand.RunExecuteReader(CommandBehavior cmdBehavior, RunBehavior runBehavior, Boolean returnStream, String method, DbAsyncResult result)
   at System.Data.SqlClient.SqlCommand.InternalExecuteNonQuery(DbAsyncResult result, String methodName, Boolean sendToPipe)
   at System.Data.SqlClient.SqlCommand.ExecuteNonQuery()
   at Massive.DynamicModel.Insert(Object o) in C:\Root\Dev\Projects\VidPub\Source\VidPub.Web\Infrastructure\Massive.cs:line 465
   at VidPub.Web.Controllers.ShopifyController.Receiver() in C:\Root\Dev\Projects\VidPub\Source\VidPub.Web\Controllers\ShopifyController.cs:line 75
TargetSite :Void OnError(System.Data.SqlClient.SqlException, Boolean)
